gyp info it worked if it ends with ok
gyp info using node-gyp@11.2.0
gyp info using node@22.21.1 | darwin | arm64
gyp info find Python using Python version 3.10.7 found at "/Users/okunoitsuki/.pyenv/versions/3.10.7/bin/python3"
gyp http GET https://nodejs.org/download/release/v22.21.1/node-v22.21.1-headers.tar.gz
gyp http 200 https://nodejs.org/download/release/v22.21.1/node-v22.21.1-headers.tar.gz
gyp http GET https://nodejs.org/download/release/v22.21.1/SHASUMS256.txt
gyp http 200 https://nodejs.org/download/release/v22.21.1/SHASUMS256.txt
gyp info spawn /Users/okunoitsuki/.pyenv/versions/3.10.7/bin/python3
gyp info spawn args [
gyp info spawn args '/Users/okunoitsuki/.nvm/versions/node/v22.21.1/lib/node_modules/npm/node_modules/node-gyp/gyp/gyp_main.py',
gyp info spawn args 'binding.gyp',
gyp info spawn args '-f',
gyp info spawn args 'make',
gyp info spawn args '-I',
gyp info spawn args '/Users/okunoitsuki/Documents/hutzper_code_test/node_modules/bson/build/config.gypi',
gyp info spawn args '-I',
gyp info spawn args '/Users/okunoitsuki/.nvm/versions/node/v22.21.1/lib/node_modules/npm/node_modules/node-gyp/addon.gypi',
gyp info spawn args '-I',
gyp info spawn args '/Users/okunoitsuki/Library/Caches/node-gyp/22.21.1/include/node/common.gypi',
gyp info spawn args '-Dlibrary=shared_library',
gyp info spawn args '-Dvisibility=default',
gyp info spawn args '-Dnode_root_dir=/Users/okunoitsuki/Library/Caches/node-gyp/22.21.1',
gyp info spawn args '-Dnode_gyp_dir=/Users/okunoitsuki/.nvm/versions/node/v22.21.1/lib/node_modules/npm/node_modules/node-gyp',
gyp info spawn args '-Dnode_lib_file=/Users/okunoitsuki/Library/Caches/node-gyp/22.21.1/<(target_arch)/node.lib',
gyp info spawn args '-Dmodule_root_dir=/Users/okunoitsuki/Documents/hutzper_code_test/node_modules/bson',
gyp info spawn args '-Dnode_engine=v8',
gyp info spawn args '--depth=.',
gyp info spawn args '--no-parallel',
gyp info spawn args '--generator-output',
gyp info spawn args 'build',
gyp info spawn args '-Goutput_dir=.'
gyp info spawn args ]
gyp info spawn make
gyp info spawn args [ 'BUILDTYPE=Release', '-C', 'build' ]
In file included from ../ext/bson.cc:35:
In file included from ../ext/bson.h:17:
../ext/nan.h:189:23: error: no matching member function for call to 'Has'
      || !optionsObj->Has(opt)
          ~~~~~~~~~~~~^~~
/Users/okunoitsuki/Library/Caches/node-gyp/22.21.1/include/node/v8-object.h:331:37: note: candidate function not viable: requires 2 arguments, but 1 was provided
  V8_WARN_UNUSED_RESULT Maybe<bool> Has(Local<Context> context,
                                    ^
/Users/okunoitsuki/Library/Caches/node-gyp/22.21.1/include/node/v8-object.h:337:37: note: candidate function not viable: requires 2 arguments, but 1 was provided
  V8_WARN_UNUSED_RESULT Maybe<bool> Has(Local<Context> context, uint32_t index);
                                    ^
In file included from ../ext/bson.cc:35:
In file included from ../ext/bson.h:17:
../ext/nan.h:190:22: error: no matching member function for call to 'Get'
      || optionsObj->Get(opt)->BooleanValue();
         ~~~~~~~~~~~~^~~
/Users/okunoitsuki/Library/Caches/node-gyp/22.21.1/include/node/v8-object.h:295:43: note: candidate function not viable: requires 2 arguments, but 1 was provided
  V8_WARN_UNUSED_RESULT MaybeLocal<Value> Get(Local<Context> context,
                                          ^
/Users/okunoitsuki/Library/Caches/node-gyp/22.21.1/include/node/v8-object.h:298:43: note: candidate function not viable: requires 2 arguments, but 1 was provided
  V8_WARN_UNUSED_RESULT MaybeLocal<Value> Get(Local<Context> context,
                                          ^
In file included from ../ext/bson.cc:35:
In file included from ../ext/bson.h:17:
../ext/nan.h:193:22: error: no matching member function for call to 'Has'
      && optionsObj->Has(opt)
         ~~~~~~~~~~~~^~~
/Users/okunoitsuki/Library/Caches/node-gyp/22.21.1/include/node/v8-object.h:331:37: note: candidate function not viable: requires 2 arguments, but 1 was provided
  V8_WARN_UNUSED_RESULT Maybe<bool> Has(Local<Context> context,
                                    ^
/Users/okunoitsuki/Library/Caches/node-gyp/22.21.1/include/node/v8-object.h:337:37: note: candidate function not viable: requires 2 arguments, but 1 was provided
  V8_WARN_UNUSED_RESULT Maybe<bool> Has(Local<Context> context, uint32_t index);
                                    ^
In file included from ../ext/bson.cc:35:
In file included from ../ext/bson.h:17:
../ext/nan.h:194:22: error: no matching member function for call to 'Get'
      && optionsObj->Get(opt)->BooleanValue();
         ~~~~~~~~~~~~^~~
/Users/okunoitsuki/Library/Caches/node-gyp/22.21.1/include/node/v8-object.h:295:43: note: candidate function not viable: requires 2 arguments, but 1 was provided
  V8_WARN_UNUSED_RESULT MaybeLocal<Value> Get(Local<Context> context,
                                          ^
/Users/okunoitsuki/Library/Caches/node-gyp/22.21.1/include/node/v8-object.h:298:43: note: candidate function not viable: requires 2 arguments, but 1 was provided
  V8_WARN_UNUSED_RESULT MaybeLocal<Value> Get(Local<Context> context,
                                          ^
In file included from ../ext/bson.cc:35:
In file included from ../ext/bson.h:17:
../ext/nan.h:211:20: error: no matching member function for call to 'Has'
    && optionsObj->Has(opt)
       ~~~~~~~~~~~~^~~
/Users/okunoitsuki/Library/Caches/node-gyp/22.21.1/include/node/v8-object.h:331:37: note: candidate function not viable: requires 2 arguments, but 1 was provided
  V8_WARN_UNUSED_RESULT Maybe<bool> Has(Local<Context> context,
                                    ^
/Users/okunoitsuki/Library/Caches/node-gyp/22.21.1/include/node/v8-object.h:337:37: note: candidate function not viable: requires 2 arguments, but 1 was provided
  V8_WARN_UNUSED_RESULT Maybe<bool> Has(Local<Context> context, uint32_t index);
                                    ^
In file included from ../ext/bson.cc:35:
In file included from ../ext/bson.h:17:
../ext/nan.h:212:20: error: no matching member function for call to 'Get'
    && optionsObj->Get(opt)->IsNumber()
       ~~~~~~~~~~~~^~~
/Users/okunoitsuki/Library/Caches/node-gyp/22.21.1/include/node/v8-object.h:295:43: note: candidate function not viable: requires 2 arguments, but 1 was provided
  V8_WARN_UNUSED_RESULT MaybeLocal<Value> Get(Local<Context> context,
                                          ^
/Users/okunoitsuki/Library/Caches/node-gyp/22.21.1/include/node/v8-object.h:298:43: note: candidate function not viable: requires 2 arguments, but 1 was provided
  V8_WARN_UNUSED_RESULT MaybeLocal<Value> Get(Local<Context> context,
                                          ^
In file included from ../ext/bson.cc:35:
In file included from ../ext/bson.h:17:
../ext/nan.h:213:21: error: no matching member function for call to 'Get'
      ? optionsObj->Get(opt)->Uint32Value()
        ~~~~~~~~~~~~^~~
/Users/okunoitsuki/Library/Caches/node-gyp/22.21.1/include/node/v8-object.h:295:43: note: candidate function not viable: requires 2 arguments, but 1 was provided
  V8_WARN_UNUSED_RESULT MaybeLocal<Value> Get(Local<Context> context,
                                          ^
/Users/okunoitsuki/Library/Caches/node-gyp/22.21.1/include/node/v8-object.h:298:43: note: candidate function not viable: requires 2 arguments, but 1 was provided
  V8_WARN_UNUSED_RESULT MaybeLocal<Value> Get(Local<Context> context,
                                          ^
In file included from ../ext/bson.cc:35:
In file included from ../ext/bson.h:17:
../ext/nan.h:339:13: error: no member named 'New' in 'v8::String'
    return  _NAN_ERROR(v8::Exception::Error, errmsg);
            ^~~~~~~~~~~~~~~~~~~~~~~~~~~~~~~~~~~~~~~~
../ext/nan.h:319:50: note: expanded from macro '_NAN_ERROR'
# define _NAN_ERROR(fun, errmsg) fun(v8::String::New(errmsg))
                                     ~~~~~~~~~~~~^
../ext/nan.h:343:5: error: no member named 'ThrowException' in namespace 'v8'
    _NAN_THROW_ERROR(v8::Exception::Error, errmsg);
    ^~~~~~~~~~~~~~~~~~~~~~~~~~~~~~~~~~~~~~~~~~~~~~
../ext/nan.h:324:11: note: expanded from macro '_NAN_THROW_ERROR'
      v8::ThrowException(_NAN_ERROR(fun, errmsg));                             \
      ~~~~^
../ext/nan.h:343:5: error: no member named 'New' in 'v8::String'
    _NAN_THROW_ERROR(v8::Exception::Error, errmsg);
    ^~~~~~~~~~~~~~~~~~~~~~~~~~~~~~~~~~~~~~~~~~~~~~
../ext/nan.h:324:26: note: expanded from macro '_NAN_THROW_ERROR'
      v8::ThrowException(_NAN_ERROR(fun, errmsg));                             \
                         ^~~~~~~~~~~~~~~~~~~~~~~
../ext/nan.h:319:50: note: expanded from macro '_NAN_ERROR'
# define _NAN_ERROR(fun, errmsg) fun(v8::String::New(errmsg))
                                     ~~~~~~~~~~~~^
../ext/nan.h:348:9: error: no type named 'ThrowException' in namespace 'v8'
    v8::ThrowException(error);
    ~~~~^
../ext/nan.h:355:65: error: no member named 'New' in 'v8::String'
    v8::Local<v8::Value> err = v8::Exception::Error(v8::String::New(msg));
                                                    ~~~~~~~~~~~~^
../ext/nan.h:357:65: error: too few arguments to function call, expected 2, have 1
    obj->Set(v8::String::New("code"), v8::Int32::New(errorNumber));
                                      ~~~~~~~~~~~~~~            ^
/Users/okunoitsuki/Library/Caches/node-gyp/22.21.1/include/node/v8-primitive.h:675:25: note: 'New' declared here
  static Local<Integer> New(Isolate* isolate, int32_t value);
                        ^
In file included from ../ext/bson.cc:35:
In file included from ../ext/bson.h:17:
../ext/nan.h:357:26: error: no member named 'New' in 'v8::String'
    obj->Set(v8::String::New("code"), v8::Int32::New(errorNumber));
             ~~~~~~~~~~~~^
../ext/nan.h:369:12: error: no member named 'New' in 'v8::String'
    return _NAN_ERROR(v8::Exception::TypeError, errmsg);
           ^~~~~~~~~~~~~~~~~~~~~~~~~~~~~~~~~~~~~~~~~~~~
../ext/nan.h:319:50: note: expanded from macro '_NAN_ERROR'
# define _NAN_ERROR(fun, errmsg) fun(v8::String::New(errmsg))
                                     ~~~~~~~~~~~~^
../ext/nan.h:373:5: error: no member named 'ThrowException' in namespace 'v8'
    _NAN_THROW_ERROR(v8::Exception::TypeError, errmsg);
    ^~~~~~~~~~~~~~~~~~~~~~~~~~~~~~~~~~~~~~~~~~~~~~~~~~
../ext/nan.h:324:11: note: expanded from macro '_NAN_THROW_ERROR'
      v8::ThrowException(_NAN_ERROR(fun, errmsg));                             \
      ~~~~^
../ext/nan.h:373:5: error: no member named 'New' in 'v8::String'
    _NAN_THROW_ERROR(v8::Exception::TypeError, errmsg);
    ^~~~~~~~~~~~~~~~~~~~~~~~~~~~~~~~~~~~~~~~~~~~~~~~~~
../ext/nan.h:324:26: note: expanded from macro '_NAN_THROW_ERROR'
      v8::ThrowException(_NAN_ERROR(fun, errmsg));                             \
                         ^~~~~~~~~~~~~~~~~~~~~~~
../ext/nan.h:319:50: note: expanded from macro '_NAN_ERROR'
# define _NAN_ERROR(fun, errmsg) fun(v8::String::New(errmsg))
                                     ~~~~~~~~~~~~^
../ext/nan.h:377:12: error: no member named 'New' in 'v8::String'
    return _NAN_ERROR(v8::Exception::RangeError, errmsg);
           ^~~~~~~~~~~~~~~~~~~~~~~~~~~~~~~~~~~~~~~~~~~~~
../ext/nan.h:319:50: note: expanded from macro '_NAN_ERROR'
# define _NAN_ERROR(fun, errmsg) fun(v8::String::New(errmsg))
                                     ~~~~~~~~~~~~^
../ext/nan.h:381:5: error: no member named 'ThrowException' in namespace 'v8'
    _NAN_THROW_ERROR(v8::Exception::RangeError, errmsg);
    ^~~~~~~~~~~~~~~~~~~~~~~~~~~~~~~~~~~~~~~~~~~~~~~~~~~
../ext/nan.h:324:11: note: expanded from macro '_NAN_THROW_ERROR'
      v8::ThrowException(_NAN_ERROR(fun, errmsg));                             \
      ~~~~^
fatal error: too many errors emitted, stopping now [-ferror-limit=]
20 errors generated.
make: *** [Release/obj.target/bson/ext/bson.o] Error 1
gyp ERR! build error 
gyp ERR! stack Error: `make` failed with exit code: 2
gyp ERR! stack at ChildProcess.<anonymous> (/Users/okunoitsuki/.nvm/versions/node/v22.21.1/lib/node_modules/npm/node_modules/node-gyp/lib/build.js:219:23)
gyp ERR! System Darwin 25.1.0
gyp ERR! command "/Users/okunoitsuki/.nvm/versions/node/v22.21.1/bin/node" "/Users/okunoitsuki/.nvm/versions/node/v22.21.1/lib/node_modules/npm/node_modules/node-gyp/bin/node-gyp.js" "rebuild"
gyp ERR! cwd /Users/okunoitsuki/Documents/hutzper_code_test/node_modules/bson
gyp ERR! node -v v22.21.1
gyp ERR! node-gyp -v v11.2.0
gyp ERR! not ok 
